빌드 시작: 2024-05-09 오후 2:56:28
     1>2 노드의 "C:\Users\hds90\OneDrive\문서\visual studio 2010\Projects\HospitalApp\HospitalApp.vcxproj" 프로젝트(build 대상)입니다.
     1>InitializeBuildStatus:
         "AlwaysCreate"이(가) 지정되었기 때문에 "Debug\HospitalApp.unsuccessfulbuild"을(를) 만들고 있습니다.
       ClCompile:
         모든 출력이 최신 상태입니다.
         모든 출력이 최신 상태입니다.
       ResourceCompile:
         c:\Program Files (x86)\Microsoft SDKs\Windows\v7.0A\bin\rc.exe /D _DEBUG /D _UNICODE /D UNICODE /D _AFXDLL /l"0x0412" /IDebug\ /nologo /fo"Debug\HospitalApp.res" HospitalApp.rc 
       ManifestResourceCompile:
         모든 출력이 최신 상태입니다.
       Link:
         C:\Program Files (x86)\Microsoft Visual Studio 10.0\VC\bin\link.exe /ERRORREPORT:PROMPT /OUT:"C:\Users\hds90\onedrive\문서\visual studio 2010\Projects\HospitalApp\Debug\HospitalApp.exe" /INCREMENTAL /NOLOGO /MANIFEST /ManifestFile:"Debug\HospitalApp.exe.intermediate.manifest" /MANIFESTUAC:"level='asInvoker' uiAccess='false'" /DEBUG /PDB:"C:\Users\hds90\onedrive\문서\visual studio 2010\Projects\HospitalApp\Debug\HospitalApp.pdb" /SUBSYSTEM:WINDOWS /TLBID:1 /ENTRY:"wWinMainCRTStartup" /DYNAMICBASE /NXCOMPAT /IMPLIB:"C:\Users\hds90\onedrive\문서\visual studio 2010\Projects\HospitalApp\Debug\HospitalApp.lib" /MACHINE:X86 Debug\HospitalApp.res
         Debug\HospitalApp.exe.embed.manifest.res
         Debug\DetailDialog.obj
         Debug\HospitalApp.obj
         Debug\HospitalAppDlg.obj
         Debug\stdafx.obj
       Manifest:
         c:\Program Files (x86)\Microsoft SDKs\Windows\v7.0A\bin\mt.exe /nologo /verbose /out:"Debug\HospitalApp.exe.embed.manifest" /manifest Debug\HospitalApp.exe.intermediate.manifest "C:\Program Files (x86)\Microsoft Visual Studio 10.0\VC\Include\Manifest\dpiaware.manifest"
         모든 출력이 최신 상태입니다.
       LinkEmbedManifest:
         모든 출력이 최신 상태입니다.
         HospitalApp.vcxproj -> C:\Users\hds90\onedrive\문서\visual studio 2010\Projects\HospitalApp\Debug\HospitalApp.exe
       FinalizeBuildStatus:
         "Debug\HospitalApp.unsuccessfulbuild" 파일을 삭제하고 있습니다.
         "Debug\HospitalApp.lastbuildstate"에 연결(touching)하고 있습니다.
     1>"C:\Users\hds90\OneDrive\문서\visual studio 2010\Projects\HospitalApp\HospitalApp.vcxproj" 프로젝트를 빌드했습니다(build 대상).

빌드했습니다.

경과 시간: 00:00:00.44
